<?xml version="1.0" encoding="UTF-8"?>
<testsuite xmlns:xsi="http://www.w3.org/2001/XMLSchema-instance" xsi:noNamespaceSchemaLocation="https://maven.apache.org/surefire/maven-surefire-plugin/xsd/surefire-test-report-3.0.xsd" version="3.0" name="com.mycompany.caesarscipher.CaesarsCipherTest" time="0.422" tests="10" errors="0" skipped="0" failures="0">
  <properties>
[...]
</properties>
  <testcase name="test_differentIO" classname="com.mycompany.caesarscipher.CaesarsCipherTest" time="0.113">
    <system-out><![CDATA[MaEQaFEXQER%%%a2iela###
]]></system-out>
  </testcase>
  <testcase name="testOutputType" classname="com.mycompany.caesarscipher.CaesarsCipherTest" time="0.013">
    <system-out><![CDATA[JaBNaCBUNBO"""aZfbia999
]]></system-out>
  </testcase>
  <testcase name="testInputType" classname="com.mycompany.caesarscipher.CaesarsCipherTest" time="0.019"/>
  <testcase name="testInputExists" classname="com.mycompany.caesarscipher.CaesarsCipherTest" time="0.025"/>
  <testcase name="test_Encryption" classname="com.mycompany.caesarscipher.CaesarsCipherTest" time="0.013">
    <system-out><![CDATA[LaDPaEDWPDQ$$$a1hdka"""
]]></system-out>
  </testcase>
  <testcase name="test_nNumberSpecifier" classname="com.mycompany.caesarscipher.CaesarsCipherTest" time="0.012">
    <system-out><![CDATA[PaHTaIH0THU(((a5lhoa&&&
JaBNaCBUNBO"""aZfbia999
MaEQaFEXQER%%%a2iela###
]]></system-out>
  </testcase>
  <testcase name="test_TakesInput" classname="com.mycompany.caesarscipher.CaesarsCipherTest" time="0.012"/>
  <testcase name="test_EncryptReturns" classname="com.mycompany.caesarscipher.CaesarsCipherTest" time="0.006">
    <system-out><![CDATA[QaIUaJI1UIV)))a6mipa'''
]]></system-out>
  </testcase>
  <testcase name="test_takesNegativeSpecifier" classname="com.mycompany.caesarscipher.CaesarsCipherTest" time="0.003">
    <system-out><![CDATA[aaaaaaaaaaaaaaaaa aaaaa
]]></system-out>
  </testcase>
  <testcase name="test_lenIO" classname="com.mycompany.caesarscipher.CaesarsCipherTest" time="0.009">
    <system-out><![CDATA[JaBNaCBUNBO"""aZfbia999
]]></system-out>
  </testcase>
</testsuite>